<?xml version="1.0" encoding="UTF-8"?>
<testsuite xmlns:xsi="http://www.w3.org/2001/XMLSchema-instance" xsi:noNamespaceSchemaLocation="https://maven.apache.org/surefire/maven-surefire-plugin/xsd/surefire-test-report.xsd" name="TestSuite" time="37.605" tests="18" errors="0" skipped="0" failures="0">
  <properties>
    <property name="sun.desktop" value="windows"/>
    <property name="awt.toolkit" value="sun.awt.windows.WToolkit"/>
    <property name="file.encoding.pkg" value="sun.io"/>
    <property name="java.specification.version" value="1.8"/>
    <property name="sun.cpu.isalist" value="amd64"/>
    <property name="sun.jnu.encoding" value="Cp1252"/>
    <property name="java.class.path" value="C:\Users\MARTINS\Desktop\UserBlogTesting\target\test-classes;C:\Users\MARTINS\Desktop\UserBlogTesting\target\classes;C:\Users\MARTINS\.m2\repository\io\rest-assured\rest-assured-all\4.0.0\rest-assured-all-4.0.0.jar;C:\Users\MARTINS\.m2\repository\org\codehaus\groovy\groovy\2.5.6\groovy-2.5.6.jar;C:\Users\MARTINS\.m2\repository\org\apache\commons\commons-lang3\3.4\commons-lang3-3.4.jar;C:\Users\MARTINS\.m2\repository\org\codehaus\groovy\groovy-xml\2.5.6\groovy-xml-2.5.6.jar;C:\Users\MARTINS\.m2\repository\org\ccil\cowan\tagsoup\tagsoup\1.2.1\tagsoup-1.2.1.jar;C:\Users\MARTINS\.m2\repository\javax\xml\bind\jaxb-api\2.2.12\jaxb-api-2.2.12.jar;C:\Users\MARTINS\.m2\repository\com\sun\xml\bind\jaxb-osgi\2.2.10\jaxb-osgi-2.2.10.jar;C:\Users\MARTINS\.m2\repository\org\apache\sling\org.apache.sling.javax.activation\0.1.0\org.apache.sling.javax.activation-0.1.0.jar;C:\Users\MARTINS\.m2\repository\javax\activation\activation\1.1.1\activation-1.1.1.jar;C:\Users\MARTINS\.m2\repository\org\codehaus\groovy\groovy-json\2.5.6\groovy-json-2.5.6.jar;C:\Users\MARTINS\.m2\repository\io\rest-assured\rest-assured\4.0.0\rest-assured-4.0.0.jar;C:\Users\MARTINS\.m2\repository\org\apache\httpcomponents\httpclient\4.5.3\httpclient-4.5.3.jar;C:\Users\MARTINS\.m2\repository\org\apache\httpcomponents\httpcore\4.4.6\httpcore-4.4.6.jar;C:\Users\MARTINS\.m2\repository\commons-logging\commons-logging\1.2\commons-logging-1.2.jar;C:\Users\MARTINS\.m2\repository\commons-codec\commons-codec\1.9\commons-codec-1.9.jar;C:\Users\MARTINS\.m2\repository\org\apache\httpcomponents\httpmime\4.5.3\httpmime-4.5.3.jar;C:\Users\MARTINS\.m2\repository\org\hamcrest\hamcrest-core\2.1\hamcrest-core-2.1.jar;C:\Users\MARTINS\.m2\repository\org\hamcrest\hamcrest\2.1\hamcrest-2.1.jar;C:\Users\MARTINS\.m2\repository\org\hamcrest\hamcrest-library\2.1\hamcrest-library-2.1.jar;C:\Users\MARTINS\.m2\repository\io\rest-assured\xml-path\4.0.0\xml-path-4.0.0.jar;C:\Users\MARTINS\.m2\repository\io\rest-assured\json-path\3.3.0\json-path-3.3.0.jar;C:\Users\MARTINS\.m2\repository\io\rest-assured\rest-assured-common\3.3.0\rest-assured-common-3.3.0.jar;C:\Users\MARTINS\.m2\repository\io\rest-assured\json-schema-validator\3.3.0\json-schema-validator-3.3.0.jar;C:\Users\MARTINS\.m2\repository\com\github\java-json-tools\json-schema-validator\2.2.10\json-schema-validator-2.2.10.jar;C:\Users\MARTINS\.m2\repository\com\github\java-json-tools\json-schema-core\1.2.10\json-schema-core-1.2.10.jar;C:\Users\MARTINS\.m2\repository\com\github\java-json-tools\jackson-coreutils\1.9\jackson-coreutils-1.9.jar;C:\Users\MARTINS\.m2\repository\com\fasterxml\jackson\core\jackson-databind\2.2.3\jackson-databind-2.2.3.jar;C:\Users\MARTINS\.m2\repository\com\fasterxml\jackson\core\jackson-annotations\2.2.3\jackson-annotations-2.2.3.jar;C:\Users\MARTINS\.m2\repository\com\fasterxml\jackson\core\jackson-core\2.2.3\jackson-core-2.2.3.jar;C:\Users\MARTINS\.m2\repository\com\google\guava\guava\16.0.1\guava-16.0.1.jar;C:\Users\MARTINS\.m2\repository\com\github\fge\msg-simple\1.1\msg-simple-1.1.jar;C:\Users\MARTINS\.m2\repository\com\github\fge\btf\1.2\btf-1.2.jar;C:\Users\MARTINS\.m2\repository\com\github\fge\uri-template\0.9\uri-template-0.9.jar;C:\Users\MARTINS\.m2\repository\org\mozilla\rhino\1.7.7.1\rhino-1.7.7.1.jar;C:\Users\MARTINS\.m2\repository\javax\mail\mailapi\1.4.3\mailapi-1.4.3.jar;C:\Users\MARTINS\.m2\repository\joda-time\joda-time\2.9.7\joda-time-2.9.7.jar;C:\Users\MARTINS\.m2\repository\com\googlecode\libphonenumber\libphonenumber\8.0.0\libphonenumber-8.0.0.jar;C:\Users\MARTINS\.m2\repository\com\google\code\findbugs\jsr305\3.0.1\jsr305-3.0.1.jar;C:\Users\MARTINS\.m2\repository\net\sf\jopt-simple\jopt-simple\5.0.3\jopt-simple-5.0.3.jar;C:\Users\MARTINS\.m2\repository\org\testng\testng\6.14.3\testng-6.14.3.jar;C:\Users\MARTINS\.m2\repository\com\beust\jcommander\1.72\jcommander-1.72.jar;C:\Users\MARTINS\.m2\repository\org\apache-extras\beanshell\bsh\2.0b6\bsh-2.0b6.jar;C:\Users\MARTINS\.m2\repository\com\aventstack\extentreports\3.1.5\extentreports-3.1.5.jar;C:\Users\MARTINS\.m2\repository\org\freemarker\freemarker\2.3.23\freemarker-2.3.23.jar;C:\Users\MARTINS\.m2\repository\org\mongodb\mongodb-driver\3.3.0\mongodb-driver-3.3.0.jar;C:\Users\MARTINS\.m2\repository\org\mongodb\bson\3.3.0\bson-3.3.0.jar;C:\Users\MARTINS\.m2\repository\org\mongodb\mongodb-driver-core\3.3.0\mongodb-driver-core-3.3.0.jar;C:\Users\MARTINS\.m2\repository\org\jsoup\jsoup\1.9.2\jsoup-1.9.2.jar;C:\Users\MARTINS\.m2\repository\com\google\code\gson\gson\2.8.0\gson-2.8.0.jar;C:\Users\MARTINS\.m2\repository\com\relevantcodes\extentreports\2.41.2\extentreports-2.41.2.jar;C:\Users\MARTINS\.m2\repository\org\xerial\sqlite-jdbc\3.8.11.1\sqlite-jdbc-3.8.11.1.jar;C:\Users\MARTINS\.m2\repository\com\vaadin\external\google\android-json\0.0.20131108.vaadin1\android-json-0.0.20131108.vaadin1.jar;"/>
    <property name="java.vm.vendor" value="Oracle Corporation"/>
    <property name="sun.arch.data.model" value="64"/>
    <property name="user.variant" value=""/>
    <property name="java.vendor.url" value="http://java.oracle.com/"/>
    <property name="user.timezone" value="Africa/Luanda"/>
    <property name="java.vm.specification.version" value="1.8"/>
    <property name="os.name" value="Windows 10"/>
    <property name="user.country" value="US"/>
    <property name="sun.java.launcher" value="SUN_STANDARD"/>
    <property name="sun.boot.library.path" value="C:\Program Files\Java\jdk1.8.0_161\jre\bin"/>
    <property name="sun.java.command" value="C:\Users\MARTINS\AppData\Local\Temp\surefire157803423057504757\surefirebooter7497309398861648932.jar C:\Users\MARTINS\AppData\Local\Temp\surefire157803423057504757 2019-11-04T18-31-26_821-jvmRun1 surefire3609076330087161761tmp surefire_06841035570937305441tmp"/>
    <property name="surefire.test.class.path" value="C:\Users\MARTINS\Desktop\UserBlogTesting\target\test-classes;C:\Users\MARTINS\Desktop\UserBlogTesting\target\classes;C:\Users\MARTINS\.m2\repository\io\rest-assured\rest-assured-all\4.0.0\rest-assured-all-4.0.0.jar;C:\Users\MARTINS\.m2\repository\org\codehaus\groovy\groovy\2.5.6\groovy-2.5.6.jar;C:\Users\MARTINS\.m2\repository\org\apache\commons\commons-lang3\3.4\commons-lang3-3.4.jar;C:\Users\MARTINS\.m2\repository\org\codehaus\groovy\groovy-xml\2.5.6\groovy-xml-2.5.6.jar;C:\Users\MARTINS\.m2\repository\org\ccil\cowan\tagsoup\tagsoup\1.2.1\tagsoup-1.2.1.jar;C:\Users\MARTINS\.m2\repository\javax\xml\bind\jaxb-api\2.2.12\jaxb-api-2.2.12.jar;C:\Users\MARTINS\.m2\repository\com\sun\xml\bind\jaxb-osgi\2.2.10\jaxb-osgi-2.2.10.jar;C:\Users\MARTINS\.m2\repository\org\apache\sling\org.apache.sling.javax.activation\0.1.0\org.apache.sling.javax.activation-0.1.0.jar;C:\Users\MARTINS\.m2\repository\javax\activation\activation\1.1.1\activation-1.1.1.jar;C:\Users\MARTINS\.m2\repository\org\codehaus\groovy\groovy-json\2.5.6\groovy-json-2.5.6.jar;C:\Users\MARTINS\.m2\repository\io\rest-assured\rest-assured\4.0.0\rest-assured-4.0.0.jar;C:\Users\MARTINS\.m2\repository\org\apache\httpcomponents\httpclient\4.5.3\httpclient-4.5.3.jar;C:\Users\MARTINS\.m2\repository\org\apache\httpcomponents\httpcore\4.4.6\httpcore-4.4.6.jar;C:\Users\MARTINS\.m2\repository\commons-logging\commons-logging\1.2\commons-logging-1.2.jar;C:\Users\MARTINS\.m2\repository\commons-codec\commons-codec\1.9\commons-codec-1.9.jar;C:\Users\MARTINS\.m2\repository\org\apache\httpcomponents\httpmime\4.5.3\httpmime-4.5.3.jar;C:\Users\MARTINS\.m2\repository\org\hamcrest\hamcrest-core\2.1\hamcrest-core-2.1.jar;C:\Users\MARTINS\.m2\repository\org\hamcrest\hamcrest\2.1\hamcrest-2.1.jar;C:\Users\MARTINS\.m2\repository\org\hamcrest\hamcrest-library\2.1\hamcrest-library-2.1.jar;C:\Users\MARTINS\.m2\repository\io\rest-assured\xml-path\4.0.0\xml-path-4.0.0.jar;C:\Users\MARTINS\.m2\repository\io\rest-assured\json-path\3.3.0\json-path-3.3.0.jar;C:\Users\MARTINS\.m2\repository\io\rest-assured\rest-assured-common\3.3.0\rest-assured-common-3.3.0.jar;C:\Users\MARTINS\.m2\repository\io\rest-assured\json-schema-validator\3.3.0\json-schema-validator-3.3.0.jar;C:\Users\MARTINS\.m2\repository\com\github\java-json-tools\json-schema-validator\2.2.10\json-schema-validator-2.2.10.jar;C:\Users\MARTINS\.m2\repository\com\github\java-json-tools\json-schema-core\1.2.10\json-schema-core-1.2.10.jar;C:\Users\MARTINS\.m2\repository\com\github\java-json-tools\jackson-coreutils\1.9\jackson-coreutils-1.9.jar;C:\Users\MARTINS\.m2\repository\com\fasterxml\jackson\core\jackson-databind\2.2.3\jackson-databind-2.2.3.jar;C:\Users\MARTINS\.m2\repository\com\fasterxml\jackson\core\jackson-annotations\2.2.3\jackson-annotations-2.2.3.jar;C:\Users\MARTINS\.m2\repository\com\fasterxml\jackson\core\jackson-core\2.2.3\jackson-core-2.2.3.jar;C:\Users\MARTINS\.m2\repository\com\google\guava\guava\16.0.1\guava-16.0.1.jar;C:\Users\MARTINS\.m2\repository\com\github\fge\msg-simple\1.1\msg-simple-1.1.jar;C:\Users\MARTINS\.m2\repository\com\github\fge\btf\1.2\btf-1.2.jar;C:\Users\MARTINS\.m2\repository\com\github\fge\uri-template\0.9\uri-template-0.9.jar;C:\Users\MARTINS\.m2\repository\org\mozilla\rhino\1.7.7.1\rhino-1.7.7.1.jar;C:\Users\MARTINS\.m2\repository\javax\mail\mailapi\1.4.3\mailapi-1.4.3.jar;C:\Users\MARTINS\.m2\repository\joda-time\joda-time\2.9.7\joda-time-2.9.7.jar;C:\Users\MARTINS\.m2\repository\com\googlecode\libphonenumber\libphonenumber\8.0.0\libphonenumber-8.0.0.jar;C:\Users\MARTINS\.m2\repository\com\google\code\findbugs\jsr305\3.0.1\jsr305-3.0.1.jar;C:\Users\MARTINS\.m2\repository\net\sf\jopt-simple\jopt-simple\5.0.3\jopt-simple-5.0.3.jar;C:\Users\MARTINS\.m2\repository\org\testng\testng\6.14.3\testng-6.14.3.jar;C:\Users\MARTINS\.m2\repository\com\beust\jcommander\1.72\jcommander-1.72.jar;C:\Users\MARTINS\.m2\repository\org\apache-extras\beanshell\bsh\2.0b6\bsh-2.0b6.jar;C:\Users\MARTINS\.m2\repository\com\aventstack\extentreports\3.1.5\extentreports-3.1.5.jar;C:\Users\MARTINS\.m2\repository\org\freemarker\freemarker\2.3.23\freemarker-2.3.23.jar;C:\Users\MARTINS\.m2\repository\org\mongodb\mongodb-driver\3.3.0\mongodb-driver-3.3.0.jar;C:\Users\MARTINS\.m2\repository\org\mongodb\bson\3.3.0\bson-3.3.0.jar;C:\Users\MARTINS\.m2\repository\org\mongodb\mongodb-driver-core\3.3.0\mongodb-driver-core-3.3.0.jar;C:\Users\MARTINS\.m2\repository\org\jsoup\jsoup\1.9.2\jsoup-1.9.2.jar;C:\Users\MARTINS\.m2\repository\com\google\code\gson\gson\2.8.0\gson-2.8.0.jar;C:\Users\MARTINS\.m2\repository\com\relevantcodes\extentreports\2.41.2\extentreports-2.41.2.jar;C:\Users\MARTINS\.m2\repository\org\xerial\sqlite-jdbc\3.8.11.1\sqlite-jdbc-3.8.11.1.jar;C:\Users\MARTINS\.m2\repository\com\vaadin\external\google\android-json\0.0.20131108.vaadin1\android-json-0.0.20131108.vaadin1.jar;"/>
    <property name="sun.cpu.endian" value="little"/>
    <property name="user.home" value="C:\Users\MARTINS"/>
    <property name="user.language" value="en"/>
    <property name="java.specification.vendor" value="Oracle Corporation"/>
    <property name="java.home" value="C:\Program Files\Java\jdk1.8.0_161\jre"/>
    <property name="basedir" value="C:\Users\MARTINS\Desktop\UserBlogTesting"/>
    <property name="file.separator" value="\"/>
    <property name="line.separator" value="&#10;"/>
    <property name="java.vm.specification.vendor" value="Oracle Corporation"/>
    <property name="java.specification.name" value="Java Platform API Specification"/>
    <property name="java.awt.graphicsenv" value="sun.awt.Win32GraphicsEnvironment"/>
    <property name="surefire.real.class.path" value="C:\Users\MARTINS\AppData\Local\Temp\surefire157803423057504757\surefirebooter7497309398861648932.jar"/>
    <property name="sun.boot.class.path" value="C:\Program Files\Java\jdk1.8.0_161\jre\lib\resources.jar;C:\Program Files\Java\jdk1.8.0_161\jre\lib\rt.jar;C:\Program Files\Java\jdk1.8.0_161\jre\lib\sunrsasign.jar;C:\Program Files\Java\jdk1.8.0_161\jre\lib\jsse.jar;C:\Program Files\Java\jdk1.8.0_161\jre\lib\jce.jar;C:\Program Files\Java\jdk1.8.0_161\jre\lib\charsets.jar;C:\Program Files\Java\jdk1.8.0_161\jre\lib\jfr.jar;C:\Program Files\Java\jdk1.8.0_161\jre\classes"/>
    <property name="user.script" value=""/>
    <property name="sun.management.compiler" value="HotSpot 64-Bit Tiered Compilers"/>
    <property name="java.runtime.version" value="1.8.0_161-b12"/>
    <property name="user.name" value="MARTINS"/>
    <property name="path.separator" value=";"/>
    <property name="os.version" value="10.0"/>
    <property name="java.endorsed.dirs" value="C:\Program Files\Java\jdk1.8.0_161\jre\lib\endorsed"/>
    <property name="java.runtime.name" value="Java(TM) SE Runtime Environment"/>
    <property name="file.encoding" value="Cp1252"/>
    <property name="java.vm.name" value="Java HotSpot(TM) 64-Bit Server VM"/>
    <property name="localRepository" value="C:\Users\MARTINS\.m2\repository"/>
    <property name="java.vendor.url.bug" value="http://bugreport.sun.com/bugreport/"/>
    <property name="java.io.tmpdir" value="C:\Users\MARTINS\AppData\Local\Temp\"/>
    <property name="java.version" value="1.8.0_161"/>
    <property name="user.dir" value="C:\Users\MARTINS\Desktop\UserBlogTesting"/>
    <property name="os.arch" value="amd64"/>
    <property name="java.vm.specification.name" value="Java Virtual Machine Specification"/>
    <property name="java.awt.printerjob" value="sun.awt.windows.WPrinterJob"/>
    <property name="sun.os.patch.level" value=""/>
    <property name="java.library.path" value="C:\Program Files\Java\jdk1.8.0_161\jre\bin;C:\WINDOWS\Sun\Java\bin;C:\WINDOWS\system32;C:\WINDOWS;C:\oraclexe\app\oracle\product\11.2.0\server\bin;C:\ProgramData\Oracle\Java\javapath;C:\WINDOWS\system32;C:\WINDOWS;C:\WINDOWS\System32\Wbem;C:\WINDOWS\System32\WindowsPowerShell\v1.0\;C:\Program Files\Java\jdk1.8.0_161\bin;C:\driver\chromedriver.exe;C:\driver\geckodriver.exe;C:\Program Files\PuTTY\;C:\Program Files (x86)\Python;C:\Program Files (x86)\Python\Scripts;C:\WINDOWS\System32\OpenSSH\;C:\Program Files\nodejs\;C:\Users\MARTINS\Desktop\Martins\Mobile Testing\android-sdk\platform-tools;C:\Program Files\Java\jdk1.8.0_161\bin;C:\Program Files\Intel\WiFi\bin\;C:\Program Files\Common Files\Intel\WirelessCommon\;C:\gradle-5.6.1\bin;C:\Users\MARTINS\Desktop\Martins\Mobile Testing\android-sdk\tools\bin;C:\Users\MARTINS\Desktop\Martins\Mobile Testing\android-sdk\tools;C:\Users\MARTINS\AppData\Local\Android\Sdk\emulator;C:\Users\MARTINS\AppData\Local\Android\Sdk\platform-tools;C:\Users\MARTINS\AppData\Local\Android\Sdk\tools;C:\Users\MARTINS\AppData\Local\Android\Sdk\tools\bin;C:\Program Files\dotnet\;C:\Users\MARTINS\Desktop\LinkedIn Learning\geckodriver;C:\apache-maven-3.6.2\bin;C:\Ruby26-x64\bin;C:\Program Files\Intel\WiFi\bin\;C:\Program Files\Common Files\Intel\WirelessCommon\;C:\Users\MARTINS\AppData\Local\Programs\Git\cmd;C:\Users\MARTINS\AppData\Local\Microsoft\WindowsApps;C:\Users\MARTINS\AppData\Local\atom\bin;C:\Users\MARTINS\AppData\Roaming\npm;C:\Users\MARTINS\AppData\Local\Programs\Microsoft VS Code\bin;C:\Users\MARTINS\AppData\Local\Programs\Fiddler;C:\Users\MARTINS\AppData\Local\Microsoft\WindowsApps;;."/>
    <property name="java.vm.info" value="mixed mode"/>
    <property name="java.vendor" value="Oracle Corporation"/>
    <property name="java.vm.version" value="25.161-b12"/>
    <property name="java.ext.dirs" value="C:\Program Files\Java\jdk1.8.0_161\jre\lib\ext;C:\WINDOWS\Sun\Java\lib\ext"/>
    <property name="sun.io.unicode.encoding" value="UnicodeLittle"/>
    <property name="java.class.version" value="52.0"/>
  </properties>
  <testcase name="when_getUserIsCalledWithNonExistingUserId_expect_NoResult" classname="requests.SearchUserTest" time="4.391"/>
  <testcase name="when_getUserIsCalledWithUserId3_expect_HTTPStatusCode200" classname="requests.SearchUserTest" time="1.05"/>
  <testcase name="when_getUserIsCalledWithUserId3_expect_IdIs3" classname="requests.SearchUserTest" time="1.142"/>
  <testcase name="when_getUserIsCalledWithUserId3_expect_UsernameSamantha" classname="requests.SearchUserTest" time="0.822"/>
  <testcase name="when_getUsersIsCalled_expect_ArrayIsNotEmpty" classname="requests.SearchUserTest" time="1.096"/>
  <testcase name="when_getUsersIsCalled_expect_HTTPStatusCode200" classname="requests.SearchUserTest" time="1.322"/>
  <testcase name="when_getUsersIsCalled_expect_HeaderContentTypeToBeApplicationJson" classname="requests.SearchUserTest" time="0.93"/>
  <testcase name="when_getUsersIsCalled_expect_SamanthaToBeOnUserList" classname="requests.SearchUserTest" time="1.083"/>
  <testcase name="when_getPostByUserIdIsCalledWithInvalidUserId_expect_EmptyResult" classname="requests.FetchUserPostsTest" time="1.307"/>
  <testcase name="when_getPostByUserIdIsCalledWithValidUserId_expect_ArrayIsNotEmpty" classname="requests.FetchUserPostsTest" time="1.23"/>
  <testcase name="when_getPostByUserIdIsCalledWithValidUserId_expect_HTTPStatusCode200" classname="requests.FetchUserPostsTest" time="1.026"/>
  <testcase name="when_getPostByUserIdIsCalledWithValidUserId_expect_HeaderContentTypeToBeApplicationJson" classname="requests.FetchUserPostsTest" time="0.931"/>
  <testcase name="when_getPostByUserIdIsCalledWithValidUserId_expect_OnlySpecifiedUserPostsAreReturned" classname="requests.FetchUserPostsTest" time="1.103"/>
  <testcase name="when_getCommentIsCalledWithPostId_expect_OnlyCommentsRelatedToSpecifiedPost" classname="requests.FetchUserPostCommentsTest" time="0.921"/>
  <testcase name="when_getCommentsIsCalled_expect_ArrayIsNotEmpty" classname="requests.FetchUserPostCommentsTest" time="1.154"/>
  <testcase name="when_getCommentsIsCalled_expect_HTTPStatusCode200" classname="requests.FetchUserPostCommentsTest" time="1.035"/>
  <testcase name="when_getCommentsIsCalled_expect_HeaderContentTypeToBeApplicationJson" classname="requests.FetchUserPostCommentsTest" time="1.085"/>
  <testcase name="when_getCommentsIsCalled_expect_ResultCanBeFilteredByUser" classname="requests.FetchUserPostCommentsTest" time="13.205"/>
</testsuite>