<?xml version="1.0" encoding="UTF-8"?>
<!-- Generated by org.testng.reporters.JUnitReportReporter -->
<testsuite skipped="0" hostname="Adeyeye-PC" name="requests.FetchUserPostsTest" tests="5" failures="0" timestamp="04 Nov 2019 17:32:06 GMT" time="5.594" errors="0">
  <testcase name="when_getPostByUserIdIsCalledWithValidUserId_expect_HTTPStatusCode200" time="1.024" classname="requests.FetchUserPostsTest"/>
  <testcase name="when_getPostByUserIdIsCalledWithValidUserId_expect_HeaderContentTypeToBeApplicationJson" time="0.932" classname="requests.FetchUserPostsTest"/>
  <testcase name="when_getPostByUserIdIsCalledWithValidUserId_expect_ArrayIsNotEmpty" time="1.229" classname="requests.FetchUserPostsTest"/>
  <testcase name="when_getPostByUserIdIsCalledWithValidUserId_expect_OnlySpecifiedUserPostsAreReturned" time="1.102" classname="requests.FetchUserPostsTest"/>
  <testcase name="when_getPostByUserIdIsCalledWithInvalidUserId_expect_EmptyResult" time="1.307" classname="requests.FetchUserPostsTest"/>
</testsuite> <!-- requests.FetchUserPostsTest -->
