<?xml version="1.0" encoding="UTF-8"?>
<!-- Generated by org.testng.reporters.JUnitReportReporter -->
<testsuite skipped="0" hostname="Adeyeye-PC" name="requests.SearchUserTest" tests="8" failures="0" timestamp="04 Nov 2019 17:32:06 GMT" time="11.837" errors="0">
  <testcase name="when_getUserIsCalledWithUserId3_expect_IdIs3" time="1.143" classname="requests.SearchUserTest"/>
  <testcase name="when_getUsersIsCalled_expect_ArrayIsNotEmpty" time="1.097" classname="requests.SearchUserTest"/>
  <testcase name="when_getUsersIsCalled_expect_HTTPStatusCode200" time="1.323" classname="requests.SearchUserTest"/>
  <testcase name="when_getUsersIsCalled_expect_SamanthaToBeOnUserList" time="1.082" classname="requests.SearchUserTest"/>
  <testcase name="when_getUsersIsCalled_expect_HeaderContentTypeToBeApplicationJson" time="0.929" classname="requests.SearchUserTest"/>
  <testcase name="when_getUserIsCalledWithUserId3_expect_HTTPStatusCode200" time="1.052" classname="requests.SearchUserTest"/>
  <testcase name="when_getUserIsCalledWithNonExistingUserId_expect_NoResult" time="4.389" classname="requests.SearchUserTest"/>
  <testcase name="when_getUserIsCalledWithUserId3_expect_UsernameSamantha" time="0.822" classname="requests.SearchUserTest"/>
</testsuite> <!-- requests.SearchUserTest -->
