<?xml version="1.0" encoding="UTF-8"?>
<!-- Generated by org.testng.reporters.JUnitReportReporter -->
<testsuite skipped="0" hostname="Adeyeye-PC" name="requests.FetchUserPostCommentsTest" tests="5" failures="0" timestamp="04 Nov 2019 17:32:06 GMT" time="17.400" errors="0">
  <testcase name="when_getCommentsIsCalled_expect_HeaderContentTypeToBeApplicationJson" time="1.086" classname="requests.FetchUserPostCommentsTest"/>
  <testcase name="when_getCommentsIsCalled_expect_ResultCanBeFilteredByUser" time="13.204" classname="requests.FetchUserPostCommentsTest"/>
  <testcase name="when_getCommentsIsCalled_expect_HTTPStatusCode200" time="1.041" classname="requests.FetchUserPostCommentsTest"/>
  <testcase name="when_getCommentsIsCalled_expect_ArrayIsNotEmpty" time="1.148" classname="requests.FetchUserPostCommentsTest"/>
  <testcase name="when_getCommentIsCalledWithPostId_expect_OnlyCommentsRelatedToSpecifiedPost" time="0.921" classname="requests.FetchUserPostCommentsTest"/>
</testsuite> <!-- requests.FetchUserPostCommentsTest -->
